TN:
SF:src\config\database.js
FNF:0
FNH:0
DA:2,2
DA:3,2
DA:5,2
DA:16,2
LF:4
LH:4
BRF:0
BRH:0
end_of_record
TN:
SF:src\config\logger.js
FNF:0
FNH:0
DA:2,2
DA:3,2
DA:4,2
DA:6,2
DA:32,2
DA:33,2
DA:41,2
LF:7
LH:7
BRDA:7,0,0,2
BRDA:7,0,1,0
BRDA:32,1,0,2
BRDA:32,1,1,0
BRF:4
BRH:2
end_of_record
TN:
SF:src\config\redis.js
FN:8,(anonymous_0)
FN:16,(anonymous_1)
FN:20,(anonymous_2)
FNF:3
FNH:2
FNDA:28,(anonymous_0)
FNDA:28,(anonymous_1)
FNDA:0,(anonymous_2)
DA:2,2
DA:3,2
DA:5,2
DA:9,28
DA:10,28
DA:14,2
DA:16,2
DA:17,28
DA:20,2
DA:21,0
DA:24,2
LF:11
LH:10
BRDA:6,0,0,2
BRDA:6,0,1,0
BRDA:7,1,0,2
BRDA:7,1,1,0
BRF:4
BRH:2
end_of_record
TN:
SF:src\controllers\usuarioController.js
FN:7,(anonymous_0)
FNF:1
FNH:0
FNDA:0,(anonymous_0)
DA:2,1
DA:3,1
DA:4,1
DA:6,1
DA:8,0
DA:9,0
DA:10,0
DA:12,0
DA:17,0
DA:19,0
DA:20,0
DA:24,0
DA:25,0
DA:27,0
DA:28,0
DA:30,0
DA:31,0
DA:34,0
DA:40,0
DA:42,0
DA:53,0
DA:54,0
DA:59,1
LF:23
LH:5
BRDA:17,0,0,0
BRDA:17,0,1,0
BRDA:19,1,0,0
BRDA:19,1,1,0
BRDA:28,2,0,0
BRDA:28,2,1,0
BRDA:30,3,0,0
BRDA:30,3,1,0
BRF:8
BRH:0
end_of_record
TN:
SF:src\models\Condominio.js
FN:6,(anonymous_0)
FN:58,(anonymous_1)
FN:80,(anonymous_2)
FNF:3
FNH:0
FNDA:0,(anonymous_0)
FNDA:0,(anonymous_1)
FNDA:0,(anonymous_2)
DA:2,2
DA:3,2
DA:7,0
DA:11,0
DA:18,2
DA:59,0
DA:60,0
DA:81,0
DA:82,0
DA:88,2
LF:10
LH:4
BRDA:59,0,0,0
BRDA:59,0,1,0
BRDA:59,1,0,0
BRDA:59,1,1,0
BRDA:81,2,0,0
BRDA:81,2,1,0
BRF:6
BRH:0
end_of_record
TN:
SF:src\models\FinanceiroAvancado.js
FN:6,(anonymous_0)
FN:61,(anonymous_1)
FNF:2
FNH:0
FNDA:0,(anonymous_0)
FNDA:0,(anonymous_1)
DA:2,2
DA:3,2
DA:7,0
DA:11,0
DA:18,2
DA:62,0
DA:63,0
DA:114,2
LF:8
LH:4
BRDA:62,0,0,0
BRDA:62,0,1,0
BRF:2
BRH:0
end_of_record
TN:
SF:src\models\Notificacao.js
FN:6,(anonymous_0)
FN:78,(anonymous_1)
FN:99,(anonymous_2)
FNF:3
FNH:0
FNDA:0,(anonymous_0)
FNDA:0,(anonymous_1)
FNDA:0,(anonymous_2)
DA:2,2
DA:3,2
DA:7,0
DA:11,0
DA:18,2
DA:79,0
DA:80,0
DA:100,0
DA:101,0
DA:107,2
LF:10
LH:4
BRDA:79,0,0,0
BRDA:79,0,1,0
BRDA:79,1,0,0
BRDA:79,1,1,0
BRDA:100,2,0,0
BRDA:100,2,1,0
BRDA:100,3,0,0
BRDA:100,3,1,0
BRF:8
BRH:0
end_of_record
TN:
SF:src\models\Pagamento.js
FN:6,(anonymous_0)
FN:27,(anonymous_1)
FN:32,(anonymous_2)
FN:62,(anonymous_3)
FN:85,(anonymous_4)
FNF:5
FNH:0
FNDA:0,(anonymous_0)
FNDA:0,(anonymous_1)
FNDA:0,(anonymous_2)
FNDA:0,(anonymous_3)
FNDA:0,(anonymous_4)
DA:2,2
DA:3,2
DA:7,0
DA:14,2
DA:28,0
DA:29,0
DA:33,0
DA:34,0
DA:35,0
DA:63,0
DA:64,0
DA:87,0
DA:88,0
DA:89,0
DA:90,0
DA:91,0
DA:98,2
LF:17
LH:4
BRDA:28,0,0,0
BRDA:28,0,1,0
BRDA:34,1,0,0
BRDA:34,1,1,0
BRDA:34,2,0,0
BRDA:34,2,1,0
BRDA:63,3,0,0
BRDA:63,3,1,0
BRDA:63,4,0,0
BRDA:63,4,1,0
BRDA:87,5,0,0
BRDA:87,5,1,0
BRDA:87,6,0,0
BRDA:87,6,1,0
BRDA:90,7,0,0
BRDA:90,7,1,0
BRF:16
BRH:0
end_of_record
TN:
SF:src\models\Unidade.js
FN:6,(anonymous_0)
FN:45,(anonymous_1)
FN:55,(anonymous_2)
FN:65,(anonymous_3)
FN:82,(anonymous_4)
FN:105,(anonymous_5)
FNF:6
FNH:0
FNDA:0,(anonymous_0)
FNDA:0,(anonymous_1)
FNDA:0,(anonymous_2)
FNDA:0,(anonymous_3)
FNDA:0,(anonymous_4)
FNDA:0,(anonymous_5)
DA:2,2
DA:3,2
DA:7,0
DA:11,0
DA:18,2
DA:46,0
DA:47,0
DA:56,0
DA:57,0
DA:66,0
DA:67,0
DA:83,0
DA:84,0
DA:107,0
DA:108,0
DA:111,0
DA:112,0
DA:118,2
LF:18
LH:4
BRDA:46,0,0,0
BRDA:46,0,1,0
BRDA:46,1,0,0
BRDA:46,1,1,0
BRDA:56,2,0,0
BRDA:56,2,1,0
BRDA:56,3,0,0
BRDA:56,3,1,0
BRDA:66,4,0,0
BRDA:66,4,1,0
BRDA:83,5,0,0
BRDA:83,5,1,0
BRDA:83,6,0,0
BRDA:83,6,1,0
BRDA:83,6,2,0
BRDA:107,7,0,0
BRDA:107,7,1,0
BRDA:111,8,0,0
BRDA:111,8,1,0
BRF:19
BRH:0
end_of_record
TN:
SF:src\models\Usuario.js
FN:7,(anonymous_0)
FN:73,(anonymous_1)
FN:78,(anonymous_2)
FNF:3
FNH:0
FNDA:0,(anonymous_0)
FNDA:0,(anonymous_1)
FNDA:0,(anonymous_2)
DA:2,2
DA:3,2
DA:4,2
DA:8,0
DA:12,2
DA:74,0
DA:75,0
DA:79,0
DA:80,0
DA:86,2
LF:10
LH:5
BRDA:74,0,0,0
BRDA:74,0,1,0
BRDA:79,1,0,0
BRDA:79,1,1,0
BRF:4
BRH:0
end_of_record
TN:
SF:src\models\index.js
FNF:0
FNH:0
DA:2,2
DA:3,2
DA:4,2
DA:5,2
DA:6,2
DA:7,2
DA:8,2
DA:11,2
DA:21,2
DA:26,2
DA:31,2
DA:36,2
DA:41,2
DA:46,2
DA:51,2
DA:56,2
DA:61,2
DA:66,2
DA:72,2
DA:77,2
DA:83,2
LF:21
LH:21
BRF:0
BRH:0
end_of_record
